g:\ccremote\ccremote\bin\server\ccmaindll.lib
g:\ccremote\ccremote\bin\server\ccmaindll.exp
g:\ccremote\ccremote\ccmaindll\ccmaindll\debug\ccmaindll.pch
g:\ccremote\ccremote\ccmaindll\ccmaindll\debug\vc141.pdb
g:\ccremote\ccremote\ccmaindll\ccmaindll\debug\vc141.idb
g:\ccremote\ccremote\ccmaindll\ccmaindll\debug\pch.obj
g:\ccremote\ccremote\ccmaindll\ccmaindll\debug\audio.obj
g:\ccremote\ccremote\ccmaindll\ccmaindll\debug\until.obj
g:\ccremote\ccremote\ccmaindll\ccmaindll\debug\buffer.obj
g:\ccremote\ccremote\ccmaindll\ccmaindll\debug\clientsocket.obj
g:\ccremote\ccremote\ccmaindll\ccmaindll\debug\videomanager.obj
g:\ccremote\ccremote\ccmaindll\ccmaindll\debug\videocap.obj
g:\ccremote\ccremote\ccmaindll\ccmaindll\debug\systemmanager.obj
g:\ccremote\ccremote\ccmaindll\ccmaindll\debug\shellmanager.obj
g:\ccremote\ccremote\ccmaindll\ccmaindll\debug\servermanager.obj
g:\ccremote\ccremote\ccmaindll\ccmaindll\debug\screenspy.obj
g:\ccremote\ccremote\ccmaindll\ccmaindll\debug\screenmanager.obj
g:\ccremote\ccremote\ccmaindll\ccmaindll\debug\regmanager.obj
g:\ccremote\ccremote\ccmaindll\ccmaindll\debug\regeditopt.obj
g:\ccremote\ccremote\ccmaindll\ccmaindll\debug\regeditex.obj
g:\ccremote\ccremote\ccmaindll\ccmaindll\debug\manager.obj
g:\ccremote\ccremote\ccmaindll\ccmaindll\debug\keyboardmanager.obj
g:\ccremote\ccremote\ccmaindll\ccmaindll\debug\kernelmanager.obj
g:\ccremote\ccremote\ccmaindll\ccmaindll\debug\install.obj
g:\ccremote\ccremote\ccmaindll\ccmaindll\debug\dialupass.obj
g:\ccremote\ccremote\ccmaindll\ccmaindll\debug\audiomanager.obj
g:\ccremote\ccremote\ccmaindll\ccmaindll\debug\filemanager.obj
g:\ccremote\ccremote\ccmaindll\ccmaindll\debug\strcry.obj
g:\ccremote\ccremote\ccmaindll\ccmaindll\debug\dllmain.obj
g:\ccremote\ccremote\bin\server\ccmaindll.ilk
g:\ccremote\ccremote\bin\server\ccmaindll.dll
g:\ccremote\ccremote\bin\server\ccmaindll.pdb
g:\ccremote\ccremote\ccmaindll\ccmaindll\..\..\bin\server\ccmaindll.dll
g:\ccremote\ccremote\ccmaindll\ccmaindll\debug\ccmaindll.tlog\ccmaindll.write.1u.tlog
g:\ccremote\ccremote\ccmaindll\ccmaindll\debug\ccmaindll.tlog\cl.command.1.tlog
g:\ccremote\ccremote\ccmaindll\ccmaindll\debug\ccmaindll.tlog\cl.read.1.tlog
g:\ccremote\ccremote\ccmaindll\ccmaindll\debug\ccmaindll.tlog\cl.write.1.tlog
g:\ccremote\ccremote\ccmaindll\ccmaindll\debug\ccmaindll.tlog\link.command.1.tlog
g:\ccremote\ccremote\ccmaindll\ccmaindll\debug\ccmaindll.tlog\link.delete.1.tlog
g:\ccremote\ccremote\ccmaindll\ccmaindll\debug\ccmaindll.tlog\link.read.1.tlog
g:\ccremote\ccremote\ccmaindll\ccmaindll\debug\ccmaindll.tlog\link.write.1.tlog
