g:\ccremote\ccremote\bin\server\ccmaindll.lib
g:\ccremote\ccremote\bin\server\ccmaindll.exp
g:\ccremote\ccremote\bin\server\ccmaindll.ipdb
g:\ccremote\ccremote\bin\server\ccmaindll.iobj
g:\ccremote\ccremote\ccmaindll\ccmaindll\release\ccmaindll.pch
g:\ccremote\ccremote\ccmaindll\ccmaindll\release\vc141.pdb
g:\ccremote\ccremote\ccmaindll\ccmaindll\release\pch.obj
g:\ccremote\ccremote\ccmaindll\ccmaindll\release\audio.obj
g:\ccremote\ccremote\ccmaindll\ccmaindll\release\until.obj
g:\ccremote\ccremote\ccmaindll\ccmaindll\release\keyboardmanager.obj
g:\ccremote\ccremote\ccmaindll\ccmaindll\release\buffer.obj
g:\ccremote\ccremote\ccmaindll\ccmaindll\release\clientsocket.obj
g:\ccremote\ccremote\ccmaindll\ccmaindll\release\videomanager.obj
g:\ccremote\ccremote\ccmaindll\ccmaindll\release\videocap.obj
g:\ccremote\ccremote\ccmaindll\ccmaindll\release\systemmanager.obj
g:\ccremote\ccremote\ccmaindll\ccmaindll\release\shellmanager.obj
g:\ccremote\ccremote\ccmaindll\ccmaindll\release\servermanager.obj
g:\ccremote\ccremote\ccmaindll\ccmaindll\release\screenspy.obj
g:\ccremote\ccremote\ccmaindll\ccmaindll\release\screenmanager.obj
g:\ccremote\ccremote\ccmaindll\ccmaindll\release\regmanager.obj
g:\ccremote\ccremote\ccmaindll\ccmaindll\release\regeditopt.obj
g:\ccremote\ccremote\ccmaindll\ccmaindll\release\regeditex.obj
g:\ccremote\ccremote\ccmaindll\ccmaindll\release\manager.obj
g:\ccremote\ccremote\ccmaindll\ccmaindll\release\kernelmanager.obj
g:\ccremote\ccremote\ccmaindll\ccmaindll\release\install.obj
g:\ccremote\ccremote\ccmaindll\ccmaindll\release\dialupass.obj
g:\ccremote\ccremote\ccmaindll\ccmaindll\release\audiomanager.obj
g:\ccremote\ccremote\ccmaindll\ccmaindll\release\filemanager.obj
g:\ccremote\ccremote\ccmaindll\ccmaindll\release\strcry.obj
g:\ccremote\ccremote\ccmaindll\ccmaindll\release\dllmain.obj
g:\ccremote\ccremote\bin\server\ccmaindll.dll
g:\ccremote\ccremote\bin\server\ccmaindll.pdb
g:\ccremote\ccremote\ccmaindll\ccmaindll\..\..\bin\server\ccmaindll.dll
g:\ccremote\ccremote\ccmaindll\ccmaindll\release\ccmaindll.tlog\ccmaindll.write.1u.tlog
g:\ccremote\ccremote\ccmaindll\ccmaindll\release\ccmaindll.tlog\cl.command.1.tlog
g:\ccremote\ccremote\ccmaindll\ccmaindll\release\ccmaindll.tlog\cl.read.1.tlog
g:\ccremote\ccremote\ccmaindll\ccmaindll\release\ccmaindll.tlog\cl.write.1.tlog
g:\ccremote\ccremote\ccmaindll\ccmaindll\release\ccmaindll.tlog\link.command.1.tlog
g:\ccremote\ccremote\ccmaindll\ccmaindll\release\ccmaindll.tlog\link.read.1.tlog
g:\ccremote\ccremote\ccmaindll\ccmaindll\release\ccmaindll.tlog\link.write.1.tlog
