f:\myapp\ccremote\ccremote\ccremote\debug\ccremote.pch
f:\myapp\ccremote\ccremote\ccremote\debug\vc141.pdb
f:\myapp\ccremote\ccremote\ccremote\debug\vc141.idb
f:\myapp\ccremote\ccremote\ccremote\debug\pch.obj
f:\myapp\ccremote\ccremote\ccremote\debug\truecolortoolbar.obj
f:\myapp\ccremote\ccremote\ccremote\debug\ccremotedlg.obj
f:\myapp\ccremote\ccremote\ccremote\debug\ccremote.obj
f:\myapp\ccremote\ccremote\debug\ccremote.ilk
f:\myapp\ccremote\ccremote\debug\ccremote.exe
f:\myapp\ccremote\ccremote\debug\ccremote.pdb
f:\myapp\ccremote\ccremote\ccremote\debug\ccremote.res
f:\myapp\ccremote\ccremote\ccremote\debug\ccremote.tlog\cl.command.1.tlog
f:\myapp\ccremote\ccremote\ccremote\debug\ccremote.tlog\cl.read.1.tlog
f:\myapp\ccremote\ccremote\ccremote\debug\ccremote.tlog\cl.write.1.tlog
f:\myapp\ccremote\ccremote\ccremote\debug\ccremote.tlog\link.command.1.tlog
f:\myapp\ccremote\ccremote\ccremote\debug\ccremote.tlog\link.read.1.tlog
f:\myapp\ccremote\ccremote\ccremote\debug\ccremote.tlog\link.write.1.tlog
f:\myapp\ccremote\ccremote\ccremote\debug\ccremote.tlog\rc.command.1.tlog
f:\myapp\ccremote\ccremote\ccremote\debug\ccremote.tlog\rc.read.1.tlog
f:\myapp\ccremote\ccremote\ccremote\debug\ccremote.tlog\rc.write.1.tlog
