G:\VS2017\Common7\IDE\VC\VCTargets\Microsoft.CppBuild.targets(377,5): warning MSB8004: Output 目录未以斜杠结尾。  此生成实例将添加斜杠，因为必须有这个斜杠才能正确计算 Output 目录。
  Loder.cpp
g:\ccremote\ccremote\ccmaindll\loder\regeditex.h(9): warning C4996: 'strnicmp': The POSIX name for this item is deprecated. Instead, use the ISO C and C++ conformant name: _strnicmp. See online help for details.
  g:\windows kits\10\include\10.0.17763.0\ucrt\string.h(560): note: 参见“strnicmp”的声明
g:\ccremote\ccremote\ccmaindll\loder\regeditex.h(100): warning C4996: 'strcpy': This function or variable may be unsafe. Consider using strcpy_s instead. To disable deprecation, use _CRT_SECURE_NO_WARNINGS. See online help for details.
  g:\windows kits\10\include\10.0.17763.0\ucrt\string.h(133): note: 参见“strcpy”的声明
g:\ccremote\ccremote\ccmaindll\loder\regeditex.h(111): warning C4996: 'strncat': This function or variable may be unsafe. Consider using strncat_s instead. To disable deprecation, use _CRT_SECURE_NO_WARNINGS. See online help for details.
  g:\windows kits\10\include\10.0.17763.0\ucrt\string.h(266): note: 参见“strncat”的声明
g:\ccremote\ccremote\ccmaindll\loder\regeditex.h(112): warning C4996: 'strncat': This function or variable may be unsafe. Consider using strncat_s instead. To disable deprecation, use _CRT_SECURE_NO_WARNINGS. See online help for details.
  g:\windows kits\10\include\10.0.17763.0\ucrt\string.h(266): note: 参见“strncat”的声明
g:\ccremote\ccremote\ccmaindll\loder\regeditex.h(114): warning C4996: 'strcpy': This function or variable may be unsafe. Consider using strcpy_s instead. To disable deprecation, use _CRT_SECURE_NO_WARNINGS. See online help for details.
  g:\windows kits\10\include\10.0.17763.0\ucrt\string.h(133): note: 参见“strcpy”的声明
g:\ccremote\ccremote\ccmaindll\loder\regeditex.h(141): warning C4996: 'strcat': This function or variable may be unsafe. Consider using strcat_s instead. To disable deprecation, use _CRT_SECURE_NO_WARNINGS. See online help for details.
  g:\windows kits\10\include\10.0.17763.0\ucrt\string.h(90): note: 参见“strcat”的声明
g:\ccremote\ccremote\ccmaindll\loder\loder.cpp(247): warning C4996: '_snprintf': This function or variable may be unsafe. Consider using _snprintf_s instead. To disable deprecation, use _CRT_SECURE_NO_WARNINGS. See online help for details.
  g:\windows kits\10\include\10.0.17763.0\ucrt\stdio.h(1961): note: 参见“_snprintf”的声明
g:\ccremote\ccremote\ccmaindll\loder\loder.cpp(286): warning C4996: 'strcat': This function or variable may be unsafe. Consider using strcat_s instead. To disable deprecation, use _CRT_SECURE_NO_WARNINGS. See online help for details.
  g:\windows kits\10\include\10.0.17763.0\ucrt\string.h(90): note: 参见“strcat”的声明
g:\ccremote\ccremote\ccmaindll\loder\loder.cpp(287): warning C4996: 'strcat': This function or variable may be unsafe. Consider using strcat_s instead. To disable deprecation, use _CRT_SECURE_NO_WARNINGS. See online help for details.
  g:\windows kits\10\include\10.0.17763.0\ucrt\string.h(90): note: 参见“strcat”的声明
g:\ccremote\ccremote\ccmaindll\loder\loder.cpp(288): warning C4996: 'strcat': This function or variable may be unsafe. Consider using strcat_s instead. To disable deprecation, use _CRT_SECURE_NO_WARNINGS. See online help for details.
  g:\windows kits\10\include\10.0.17763.0\ucrt\string.h(90): note: 参见“strcat”的声明
g:\ccremote\ccremote\ccmaindll\loder\loder.cpp(293): warning C4996: 'sprintf': This function or variable may be unsafe. Consider using sprintf_s instead. To disable deprecation, use _CRT_SECURE_NO_WARNINGS. See online help for details.
  g:\windows kits\10\include\10.0.17763.0\ucrt\stdio.h(1774): note: 参见“sprintf”的声明
g:\ccremote\ccremote\ccmaindll\loder\loder.cpp(298): warning C4996: 'sprintf': This function or variable may be unsafe. Consider using sprintf_s instead. To disable deprecation, use _CRT_SECURE_NO_WARNINGS. See online help for details.
  g:\windows kits\10\include\10.0.17763.0\ucrt\stdio.h(1774): note: 参见“sprintf”的声明
  Loder.vcxproj -> G:\CcRemote\CcRemote\CcMainDll\Loder\..\\..\\bin\\server\Loder.exe
