g:\ccremote\ccremote\ccremote\ccremote\release\ccremote.pch
g:\ccremote\ccremote\ccremote\ccremote\release\vc141.pdb
g:\ccremote\ccremote\ccremote\ccremote\release\pch.obj
g:\ccremote\ccremote\ccremote\ccremote\release\truecolortoolbar.obj
g:\ccremote\ccremote\ccremote\ccremote\release\inifile.obj
g:\ccremote\ccremote\ccremote\ccremote\release\cpuusage.obj
g:\ccremote\ccremote\ccremote\ccremote\release\csettingdlg.obj
g:\ccremote\ccremote\ccremote\ccremote\release\ccremotedlg.obj
g:\ccremote\ccremote\ccremote\ccremote\release\ccremote.obj
g:\ccremote\ccremote\ccremote\ccremote\release\iocpserver.obj
g:\ccremote\ccremote\ccremote\ccremote\release\buffer.obj
g:\ccremote\ccremote\ccremote\ccremote\release\ccremote.res
g:\ccremote\ccremote\ccremote\release\ccremote.exe
g:\ccremote\ccremote\ccremote\ccremote\release\ccremote.tlog\cl.command.1.tlog
g:\ccremote\ccremote\ccremote\ccremote\release\ccremote.tlog\cl.read.1.tlog
g:\ccremote\ccremote\ccremote\ccremote\release\ccremote.tlog\cl.write.1.tlog
g:\ccremote\ccremote\ccremote\ccremote\release\ccremote.tlog\link.command.1.tlog
g:\ccremote\ccremote\ccremote\ccremote\release\ccremote.tlog\link.read.1.tlog
g:\ccremote\ccremote\ccremote\ccremote\release\ccremote.tlog\rc.command.1.tlog
g:\ccremote\ccremote\ccremote\ccremote\release\ccremote.tlog\rc.read.1.tlog
g:\ccremote\ccremote\ccremote\ccremote\release\ccremote.tlog\rc.write.1.tlog
